2021-10-16 12:08:50,871 [INFO ] com.lao.StepDefinitions.Common_Step_Def [main] Execution Started
2021-10-16 12:08:50,899 [INFO ] com.lao.StepDefinitions.Common_Step_Def [main] Instantiating the CommonUtils
2021-10-16 12:08:50,899 [INFO ] com.lao.StepDefinitions.Common_Step_Def [main] Loading the properties file
2021-10-16 12:08:50,903 [INFO ] com.lao.StepDefinitions.Common_Step_Def [main] Checking the driver is Null or Not?
2021-10-16 12:08:50,908 [INFO ] com.lao.StepDefinitions.Common_Step_Def [main] Driver is null, instatiating it
2021-10-16 12:09:12,267 [INFO ] com.lao.StepDefinitions.VerifyCEOName_Step_Def [main] the user is logged in successfully and is on Home Page
2021-10-16 12:09:17,461 [INFO ] com.lao.StepDefinitions.VerifyCEOName_Step_Def [main] the user clicks on the directory option from the Menu bar
2021-10-16 12:09:17,684 [INFO ] com.lao.StepDefinitions.VerifyCEOName_Step_Def [main] the user selects the job title as {string} from the dropdown
2021-10-16 12:09:18,691 [INFO ] com.lao.StepDefinitions.VerifyCEOName_Step_Def [main] clicks the search button
2021-10-16 12:09:18,743 [INFO ] com.lao.StepDefinitions.VerifyCEOName_Step_Def [main] the user should see the CEO name as {string}
2021-10-16 12:09:18,761 [INFO ] com.lao.StepDefinitions.Common_Step_Def [main] Execution Started
2021-10-16 12:09:18,761 [INFO ] com.lao.StepDefinitions.Common_Step_Def [main] Instantiating the CommonUtils
2021-10-16 12:09:18,762 [INFO ] com.lao.StepDefinitions.Common_Step_Def [main] Loading the properties file
2021-10-16 12:09:18,764 [INFO ] com.lao.StepDefinitions.Common_Step_Def [main] Checking the driver is Null or Not?
2021-10-16 12:09:20,116 [INFO ] com.lao.StepDefinitions.Verify_Pending_Timesheet_Step_Def [main] the user is on the Home Page
2021-10-16 12:09:20,242 [INFO ] com.lao.StepDefinitions.Verify_Pending_Timesheet_Step_Def [main] the user enters the name as {string}
2021-10-16 12:09:20,375 [INFO ] com.lao.StepDefinitions.Verify_Pending_Timesheet_Step_Def [main] clicks on the view button
2021-10-16 12:09:20,420 [ERROR] com.lao.StepDefinitions.Verify_Pending_Timesheet_Step_Def [main] org.openqa.selenium.NoSuchElementException: no such element: Unable to locate element: {"method":"xpath","selector":"//div[@class='message warning']"}
  (Session info: chrome=91.0.4472.114)
For documentation on this error, please visit: https://www.seleniumhq.org/exceptions/no_such_element.html
Build info: version: '3.141.59', revision: 'e82be7d358', time: '2018-11-14T08:17:03'
System info: host: 'LTIN182094', ip: '192.168.29.89', os.name: 'Windows 10', os.arch: 'amd64', os.version: '10.0', java.version: '1.8.0_251'
Driver info: org.openqa.selenium.chrome.ChromeDriver
Capabilities {acceptInsecureCerts: false, browserName: chrome, browserVersion: 91.0.4472.114, chrome: {chromedriverVersion: 91.0.4472.101 (af52a90bf870..., userDataDir: C:\Users\697928\AppData\Loc...}, goog:chromeOptions: {debuggerAddress: localhost:58410}, javascriptEnabled: true, networkConnectionEnabled: false, pageLoadStrategy: normal, platform: WINDOWS, platformName: WINDOWS, proxy: Proxy(), setWindowRect: true, strictFileInteractability: false, timeouts: {implicit: 0, pageLoad: 300000, script: 30000}, unhandledPromptBehavior: dismiss and notify, webauthn:extension:largeBlob: true, webauthn:virtualAuthenticators: true}
Session ID: 4d9b47c61664b1d79c7142f193078880
*** Element info: {Using=xpath, value=//div[@class='message warning']}
2021-10-16 12:16:34,744 [INFO ] com.lao.StepDefinitions.Common_Step_Def [main] Execution Started
2021-10-16 12:16:34,749 [INFO ] com.lao.StepDefinitions.Common_Step_Def [main] Instantiating the CommonUtils
2021-10-16 12:16:34,749 [INFO ] com.lao.StepDefinitions.Common_Step_Def [main] Loading the properties file
2021-10-16 12:16:34,751 [INFO ] com.lao.StepDefinitions.Common_Step_Def [main] Checking the driver is Null or Not?
2021-10-16 12:16:34,753 [INFO ] com.lao.StepDefinitions.Common_Step_Def [main] Driver is null, instatiating it
2021-10-16 12:16:41,029 [ERROR] com.lao.StepDefinitions.Verify_Pending_Timesheet_Step_Def [main] org.openqa.selenium.NoSuchElementException: no such element: Unable to locate element: {"method":"css selector","selector":"#menu_time_viewTimeModule"}
  (Session info: chrome=91.0.4472.114)
For documentation on this error, please visit: https://www.seleniumhq.org/exceptions/no_such_element.html
Build info: version: '3.141.59', revision: 'e82be7d358', time: '2018-11-14T08:17:03'
System info: host: 'LTIN182094', ip: '192.168.29.89', os.name: 'Windows 10', os.arch: 'amd64', os.version: '10.0', java.version: '1.8.0_251'
Driver info: org.openqa.selenium.chrome.ChromeDriver
Capabilities {acceptInsecureCerts: false, browserName: chrome, browserVersion: 91.0.4472.114, chrome: {chromedriverVersion: 91.0.4472.101 (af52a90bf870..., userDataDir: C:\Users\697928\AppData\Loc...}, goog:chromeOptions: {debuggerAddress: localhost:61565}, javascriptEnabled: true, networkConnectionEnabled: false, pageLoadStrategy: normal, platform: WINDOWS, platformName: WINDOWS, proxy: Proxy(), setWindowRect: true, strictFileInteractability: false, timeouts: {implicit: 0, pageLoad: 300000, script: 30000}, unhandledPromptBehavior: dismiss and notify, webauthn:extension:largeBlob: true, webauthn:virtualAuthenticators: true}
Session ID: bb53c6ed55eb3b6c4b0b577e1f71698d
*** Element info: {Using=id, value=menu_time_viewTimeModule}
2021-10-16 12:16:41,227 [ERROR] com.lao.StepDefinitions.Verify_Pending_Timesheet_Step_Def [main] org.openqa.selenium.NoSuchElementException: no such element: Unable to locate element: {"method":"css selector","selector":"#employee"}
  (Session info: chrome=91.0.4472.114)
For documentation on this error, please visit: https://www.seleniumhq.org/exceptions/no_such_element.html
Build info: version: '3.141.59', revision: 'e82be7d358', time: '2018-11-14T08:17:03'
System info: host: 'LTIN182094', ip: '192.168.29.89', os.name: 'Windows 10', os.arch: 'amd64', os.version: '10.0', java.version: '1.8.0_251'
Driver info: org.openqa.selenium.chrome.ChromeDriver
Capabilities {acceptInsecureCerts: false, browserName: chrome, browserVersion: 91.0.4472.114, chrome: {chromedriverVersion: 91.0.4472.101 (af52a90bf870..., userDataDir: C:\Users\697928\AppData\Loc...}, goog:chromeOptions: {debuggerAddress: localhost:61565}, javascriptEnabled: true, networkConnectionEnabled: false, pageLoadStrategy: normal, platform: WINDOWS, platformName: WINDOWS, proxy: Proxy(), setWindowRect: true, strictFileInteractability: false, timeouts: {implicit: 0, pageLoad: 300000, script: 30000}, unhandledPromptBehavior: dismiss and notify, webauthn:extension:largeBlob: true, webauthn:virtualAuthenticators: true}
Session ID: bb53c6ed55eb3b6c4b0b577e1f71698d
*** Element info: {Using=id, value=employee}
2021-10-16 12:16:41,418 [ERROR] com.lao.StepDefinitions.Verify_Pending_Timesheet_Step_Def [main] org.openqa.selenium.NoSuchElementException: no such element: Unable to locate element: {"method":"css selector","selector":"#btnView"}
  (Session info: chrome=91.0.4472.114)
For documentation on this error, please visit: https://www.seleniumhq.org/exceptions/no_such_element.html
Build info: version: '3.141.59', revision: 'e82be7d358', time: '2018-11-14T08:17:03'
System info: host: 'LTIN182094', ip: '192.168.29.89', os.name: 'Windows 10', os.arch: 'amd64', os.version: '10.0', java.version: '1.8.0_251'
Driver info: org.openqa.selenium.chrome.ChromeDriver
Capabilities {acceptInsecureCerts: false, browserName: chrome, browserVersion: 91.0.4472.114, chrome: {chromedriverVersion: 91.0.4472.101 (af52a90bf870..., userDataDir: C:\Users\697928\AppData\Loc...}, goog:chromeOptions: {debuggerAddress: localhost:61565}, javascriptEnabled: true, networkConnectionEnabled: false, pageLoadStrategy: normal, platform: WINDOWS, platformName: WINDOWS, proxy: Proxy(), setWindowRect: true, strictFileInteractability: false, timeouts: {implicit: 0, pageLoad: 300000, script: 30000}, unhandledPromptBehavior: dismiss and notify, webauthn:extension:largeBlob: true, webauthn:virtualAuthenticators: true}
Session ID: bb53c6ed55eb3b6c4b0b577e1f71698d
*** Element info: {Using=id, value=btnView}
2021-10-16 12:16:41,587 [ERROR] com.lao.StepDefinitions.Verify_Pending_Timesheet_Step_Def [main] org.openqa.selenium.NoSuchElementException: no such element: Unable to locate element: {"method":"xpath","selector":"//div[@class='message warning']"}
  (Session info: chrome=91.0.4472.114)
For documentation on this error, please visit: https://www.seleniumhq.org/exceptions/no_such_element.html
Build info: version: '3.141.59', revision: 'e82be7d358', time: '2018-11-14T08:17:03'
System info: host: 'LTIN182094', ip: '192.168.29.89', os.name: 'Windows 10', os.arch: 'amd64', os.version: '10.0', java.version: '1.8.0_251'
Driver info: org.openqa.selenium.chrome.ChromeDriver
Capabilities {acceptInsecureCerts: false, browserName: chrome, browserVersion: 91.0.4472.114, chrome: {chromedriverVersion: 91.0.4472.101 (af52a90bf870..., userDataDir: C:\Users\697928\AppData\Loc...}, goog:chromeOptions: {debuggerAddress: localhost:61565}, javascriptEnabled: true, networkConnectionEnabled: false, pageLoadStrategy: normal, platform: WINDOWS, platformName: WINDOWS, proxy: Proxy(), setWindowRect: true, strictFileInteractability: false, timeouts: {implicit: 0, pageLoad: 300000, script: 30000}, unhandledPromptBehavior: dismiss and notify, webauthn:extension:largeBlob: true, webauthn:virtualAuthenticators: true}
Session ID: bb53c6ed55eb3b6c4b0b577e1f71698d
*** Element info: {Using=xpath, value=//div[@class='message warning']}
2021-10-16 13:18:05,593 [INFO ] com.lao.StepDefinitions.Common_Step_Def [main] Execution Started
2021-10-16 13:18:05,601 [INFO ] com.lao.StepDefinitions.Common_Step_Def [main] Instantiating the CommonUtils
2021-10-16 13:18:05,601 [INFO ] com.lao.StepDefinitions.Common_Step_Def [main] Loading the properties file
2021-10-16 13:18:05,603 [INFO ] com.lao.StepDefinitions.Common_Step_Def [main] Checking the driver is Null or Not?
2021-10-16 13:18:05,604 [INFO ] com.lao.StepDefinitions.Common_Step_Def [main] Driver is null, instatiating it
2021-10-16 13:18:28,266 [INFO ] com.lao.StepDefinitions.VerifyCEOName_Step_Def [main] the user is logged in successfully and is on Home Page
2021-10-16 13:18:33,282 [INFO ] com.lao.StepDefinitions.VerifyCEOName_Step_Def [main] the user clicks on the directory option from the Menu bar
2021-10-16 13:18:33,469 [INFO ] com.lao.StepDefinitions.VerifyCEOName_Step_Def [main] the user selects the job title as {string} from the dropdown
2021-10-16 13:18:34,402 [INFO ] com.lao.StepDefinitions.VerifyCEOName_Step_Def [main] clicks the search button
2021-10-16 13:18:34,450 [INFO ] com.lao.StepDefinitions.VerifyCEOName_Step_Def [main] the user should see the CEO name as {string}
2021-10-16 13:18:34,468 [INFO ] com.lao.StepDefinitions.Common_Step_Def [main] Execution Started
2021-10-16 13:18:34,468 [INFO ] com.lao.StepDefinitions.Common_Step_Def [main] Instantiating the CommonUtils
2021-10-16 13:18:34,468 [INFO ] com.lao.StepDefinitions.Common_Step_Def [main] Loading the properties file
2021-10-16 13:18:34,468 [INFO ] com.lao.StepDefinitions.Common_Step_Def [main] Checking the driver is Null or Not?
2021-10-16 13:18:35,772 [INFO ] com.lao.StepDefinitions.Verify_Pending_Timesheet_Step_Def [main] the user is on the Home Page
2021-10-16 13:18:35,931 [INFO ] com.lao.StepDefinitions.Verify_Pending_Timesheet_Step_Def [main] the user enters the name as {string}
2021-10-16 13:18:36,077 [INFO ] com.lao.StepDefinitions.Verify_Pending_Timesheet_Step_Def [main] clicks on the view button
2021-10-16 13:18:36,137 [ERROR] com.lao.StepDefinitions.Verify_Pending_Timesheet_Step_Def [main] org.openqa.selenium.NoSuchElementException: no such element: Unable to locate element: {"method":"xpath","selector":"//div[@class='message warning']"}
  (Session info: chrome=91.0.4472.114)
For documentation on this error, please visit: https://www.seleniumhq.org/exceptions/no_such_element.html
Build info: version: '3.141.59', revision: 'e82be7d358', time: '2018-11-14T08:17:03'
System info: host: 'LTIN182094', ip: '192.168.29.89', os.name: 'Windows 10', os.arch: 'amd64', os.version: '10.0', java.version: '1.8.0_251'
Driver info: org.openqa.selenium.chrome.ChromeDriver
Capabilities {acceptInsecureCerts: false, browserName: chrome, browserVersion: 91.0.4472.114, chrome: {chromedriverVersion: 91.0.4472.101 (af52a90bf870..., userDataDir: C:\Users\697928\AppData\Loc...}, goog:chromeOptions: {debuggerAddress: localhost:57158}, javascriptEnabled: true, networkConnectionEnabled: false, pageLoadStrategy: normal, platform: WINDOWS, platformName: WINDOWS, proxy: Proxy(), setWindowRect: true, strictFileInteractability: false, timeouts: {implicit: 0, pageLoad: 300000, script: 30000}, unhandledPromptBehavior: dismiss and notify, webauthn:extension:largeBlob: true, webauthn:virtualAuthenticators: true}
Session ID: bb14b695f81df549182cd84ab4e56e6f
*** Element info: {Using=xpath, value=//div[@class='message warning']}
2021-10-16 13:18:49,850 [INFO ] com.lao.StepDefinitions.Common_Step_Def [main] Execution Started
2021-10-16 13:18:49,851 [INFO ] com.lao.StepDefinitions.Common_Step_Def [main] Instantiating the CommonUtils
2021-10-16 13:18:49,851 [INFO ] com.lao.StepDefinitions.Common_Step_Def [main] Loading the properties file
2021-10-16 13:18:49,858 [INFO ] com.lao.StepDefinitions.Common_Step_Def [main] Checking the driver is Null or Not?
2021-10-16 13:18:49,860 [INFO ] com.lao.StepDefinitions.Common_Step_Def [main] Driver is null, instatiating it
2021-10-16 13:19:04,900 [INFO ] com.lao.StepDefinitions.Verify_Pending_Timesheet_Step_Def [main] the user is on the Home Page
2021-10-16 13:19:06,265 [INFO ] com.lao.StepDefinitions.Verify_Pending_Timesheet_Step_Def [main] the user is on the Home Page
2021-10-16 13:19:06,374 [INFO ] com.lao.StepDefinitions.Verify_Pending_Timesheet_Step_Def [main] the user enters the name as {string}
2021-10-16 13:19:06,479 [INFO ] com.lao.StepDefinitions.Verify_Pending_Timesheet_Step_Def [main] clicks on the view button
2021-10-16 13:19:06,519 [ERROR] com.lao.StepDefinitions.Verify_Pending_Timesheet_Step_Def [main] org.openqa.selenium.NoSuchElementException: no such element: Unable to locate element: {"method":"xpath","selector":"//div[@class='message warning']"}
  (Session info: chrome=91.0.4472.114)
For documentation on this error, please visit: https://www.seleniumhq.org/exceptions/no_such_element.html
Build info: version: '3.141.59', revision: 'e82be7d358', time: '2018-11-14T08:17:03'
System info: host: 'LTIN182094', ip: '192.168.29.89', os.name: 'Windows 10', os.arch: 'amd64', os.version: '10.0', java.version: '1.8.0_251'
Driver info: org.openqa.selenium.chrome.ChromeDriver
Capabilities {acceptInsecureCerts: false, browserName: chrome, browserVersion: 91.0.4472.114, chrome: {chromedriverVersion: 91.0.4472.101 (af52a90bf870..., userDataDir: C:\Users\697928\AppData\Loc...}, goog:chromeOptions: {debuggerAddress: localhost:55726}, javascriptEnabled: true, networkConnectionEnabled: false, pageLoadStrategy: normal, platform: WINDOWS, platformName: WINDOWS, proxy: Proxy(), setWindowRect: true, strictFileInteractability: false, timeouts: {implicit: 0, pageLoad: 300000, script: 30000}, unhandledPromptBehavior: dismiss and notify, webauthn:extension:largeBlob: true, webauthn:virtualAuthenticators: true}
Session ID: 477e184ef00be294ff31f4e8934ecd88
*** Element info: {Using=xpath, value=//div[@class='message warning']}
